<?xml version="1.0" encoding="UTF-8"?>
<TestRun id="45525647-a54b-431c-8307-3caa6f595b02" name="Christophe@MIRAGE2000 2013-10-15 22:49:21" runUser="Mirage2000\Christophe" xmlns="http://microsoft.com/schemas/VisualStudio/TeamTest/2010">
  <TestSettings name="Local" id="aa07298a-2b6c-4ec5-b8bf-daeda5d6dc46">
    <Description>Il s'agit des paramètres de test par défaut pour une série de tests locale.</Description>
    <Deployment enabled="false" runDeploymentRoot="Christophe_MIRAGE2000 2013-10-15 22_49_21">
      <DeploymentItem filename="C:\Users\Christophe\Documents\Visual Studio 2010\Projects\ProjetCadeaux\ProjetCadeaux_Connection\bin\Debug\ProjetCadeaux_Connection.dll" />
      <DeploymentItem filename="C:\Users\Christophe\Documents\Visual Studio 2010\Projects\ProjetCadeaux_BLL\ProjetCadeaux_BLL\bin\Debug\ProjetCadeaux_BLL.dll" />
      <DeploymentItem filename="E:\PostgreSQL\9.2\bin\Npgsql.dll" />
    </Deployment>
    <Execution>
      <TestTypeSpecific />
      <AgentRule name="Execution Agents">
      </AgentRule>
    </Execution>
  </TestSettings>
  <Times creation="2013-10-15T22:49:21.1659360+02:00" queuing="2013-10-15T22:49:21.6989665+02:00" start="2013-10-15T22:49:21.7309683+02:00" finish="2013-10-15T22:49:25.5591873+02:00" />
  <ResultSummary outcome="Failed">
    <Counters total="1" executed="1" error="0" failed="1" timeout="0" aborted="0" inconclusive="0" passedButRunAborted="0" notRunnable="0" notExecuted="0" disconnected="0" warning="0" passed="0" completed="0" inProgress="0" pending="0" />
  </ResultSummary>
  <TestDefinitions>
    <UnitTest name="envoiMailTest" storage="c:\users\christophe\documents\visual studio 2010\projects\projetcadeaux\testprojectcadeaux\bin\debug\testprojectcadeaux.dll" id="d9ce5c4d-fe57-a2a7-95bf-971dd2fabbc0">
      <Execution id="9427af94-65c9-48b1-85ef-c9cd321102e7" />
      <TestMethod codeBase="C:/Users/Christophe/Documents/Visual Studio 2010/Projects/ProjetCadeaux/TestProjectCadeaux/bin/Debug/TestProjectCadeaux.DLL" adapterTypeName="Microsoft.VisualStudio.TestTools.TestTypes.Unit.UnitTestAdapter, Microsoft.VisualStudio.QualityTools.Tips.UnitTest.Adapter, Version=10.0.0.0, Culture=neutral, PublicKeyToken=b03f5f7f11d50a3a" className="TestProjectCadeaux.GestionMailTest, TestProjectCadeaux, Version=1.0.0.0, Culture=neutral, PublicKeyToken=null" name="envoiMailTest" />
    </UnitTest>
  </TestDefinitions>
  <TestLists>
    <TestList name="Les résultats ne figurent pas dans une liste" id="8c84fa94-04c1-424b-9868-57a2d4851a1d" />
    <TestList name="Tous les résultats chargés" id="19431567-8539-422a-85d7-44ee4e166bda" />
  </TestLists>
  <TestEntries>
    <TestEntry testId="d9ce5c4d-fe57-a2a7-95bf-971dd2fabbc0" executionId="9427af94-65c9-48b1-85ef-c9cd321102e7" testListId="8c84fa94-04c1-424b-9868-57a2d4851a1d" />
  </TestEntries>
  <Results>
    <UnitTestResult executionId="9427af94-65c9-48b1-85ef-c9cd321102e7" testId="d9ce5c4d-fe57-a2a7-95bf-971dd2fabbc0" testName="envoiMailTest" computerName="MIRAGE2000" duration="00:00:03.5750860" startTime="2013-10-15T22:49:21.7439691+02:00" endTime="2013-10-15T22:49:25.5311857+02:00" testType="13cdc9d9-ddb5-4fa4-a97d-d965ccfc6d4b" outcome="Failed" testListId="8c84fa94-04c1-424b-9868-57a2d4851a1d" relativeResultsDirectory="9427af94-65c9-48b1-85ef-c9cd321102e7">
      <Output>
        <ErrorInfo>
          <Message>La méthode de test TestProjectCadeaux.GestionMailTest.envoiMailTest a levé une exception : 
System.Net.Mail.SmtpException: Le serveur SMTP requiert une connexion sécurisée ou le client n'était pas authentifié. La réponse du serveur était : 5.5.1 Authentication Required. Learn more at</Message>
          <StackTrace>    à System.Net.Mail.MailCommand.CheckResponse(SmtpStatusCode statusCode, String response)
   à System.Net.Mail.MailCommand.Send(SmtpConnection conn, Byte[] command, String from)
   à System.Net.Mail.SmtpTransport.SendMail(MailAddress sender, MailAddressCollection recipients, String deliveryNotify, SmtpFailedRecipientException&amp; exception)
   à System.Net.Mail.SmtpClient.Send(MailMessage message)
   à ProjetCadeaux_Connection.GestionMail.envoiMail(MailMessage mail) dans C:\Users\Christophe\Documents\Visual Studio 2010\Projects\ProjetCadeaux\ProjetCadeaux_Connection\GestionMail.cs:ligne 43
   à ProjetCadeaux_Connection.GestionMail..ctor(String destinataires, String login, String nom, String nouveauMdp) dans C:\Users\Christophe\Documents\Visual Studio 2010\Projects\ProjetCadeaux\ProjetCadeaux_Connection\GestionMail.cs:ligne 27
   à TestProjectCadeaux.GestionMailTest.envoiMailTest() dans C:\Users\Christophe\Documents\Visual Studio 2010\Projects\ProjetCadeaux\TestProjectCadeaux\GestionMailTest.cs:ligne 78
</StackTrace>
        </ErrorInfo>
      </Output>
    </UnitTestResult>
  </Results>
</TestRun>