<?xml version="1.0" encoding="UTF-8"?>
<TestRun id="aa494d7f-03ae-41f1-8170-b14aae572449" name="Christophe@MIRAGE2000 2013-10-15 00:23:19" runUser="Mirage2000\Christophe" xmlns="http://microsoft.com/schemas/VisualStudio/TeamTest/2010">
  <TestSettings name="Local" id="aa07298a-2b6c-4ec5-b8bf-daeda5d6dc46">
    <Description>Il s'agit des paramètres de test par défaut pour une série de tests locale.</Description>
    <Deployment enabled="false" runDeploymentRoot="Christophe_MIRAGE2000 2013-10-15 00_23_19">
      <DeploymentItem filename="C:\Users\Christophe\Documents\Visual Studio 2010\Projects\ProjetCadeaux\ProjetCadeaux_Connection\bin\Debug\ProjetCadeaux_Connection.dll" />
      <DeploymentItem filename="C:\Users\Christophe\Documents\Visual Studio 2010\Projects\ProjetCadeaux_BLL\ProjetCadeaux_BLL\bin\Debug\ProjetCadeaux_BLL.dll" />
      <DeploymentItem filename="E:\PostgreSQL\9.2\bin\Npgsql.dll" />
    </Deployment>
    <Execution>
      <TestTypeSpecific />
      <AgentRule name="Execution Agents">
      </AgentRule>
    </Execution>
  </TestSettings>
  <Times creation="2013-10-15T00:23:19.6977446+02:00" queuing="2013-10-15T00:23:19.7147456+02:00" start="2013-10-15T00:23:19.7187458+02:00" finish="2013-10-15T00:23:20.2817781+02:00" />
  <ResultSummary outcome="Completed">
    <Counters total="1" executed="1" passed="1" error="0" failed="0" timeout="0" aborted="0" inconclusive="0" passedButRunAborted="0" notRunnable="0" notExecuted="0" disconnected="0" warning="0" completed="0" inProgress="0" pending="0" />
  </ResultSummary>
  <TestDefinitions>
    <UnitTest name="envoiMailTest" storage="c:\users\christophe\documents\visual studio 2010\projects\projetcadeaux\testprojectcadeaux\bin\debug\testprojectcadeaux.dll" id="d9ce5c4d-fe57-a2a7-95bf-971dd2fabbc0">
      <Execution id="21b02382-c8e2-473c-bd7d-536d9a689726" />
      <TestMethod codeBase="C:/Users/Christophe/Documents/Visual Studio 2010/Projects/ProjetCadeaux/TestProjectCadeaux/bin/Debug/TestProjectCadeaux.DLL" adapterTypeName="Microsoft.VisualStudio.TestTools.TestTypes.Unit.UnitTestAdapter, Microsoft.VisualStudio.QualityTools.Tips.UnitTest.Adapter, Version=10.0.0.0, Culture=neutral, PublicKeyToken=b03f5f7f11d50a3a" className="TestProjectCadeaux.GestionMailTest, TestProjectCadeaux, Version=1.0.0.0, Culture=neutral, PublicKeyToken=null" name="envoiMailTest" />
    </UnitTest>
  </TestDefinitions>
  <TestLists>
    <TestList name="Les résultats ne figurent pas dans une liste" id="8c84fa94-04c1-424b-9868-57a2d4851a1d" />
    <TestList name="Tous les résultats chargés" id="19431567-8539-422a-85d7-44ee4e166bda" />
  </TestLists>
  <TestEntries>
    <TestEntry testId="d9ce5c4d-fe57-a2a7-95bf-971dd2fabbc0" executionId="21b02382-c8e2-473c-bd7d-536d9a689726" testListId="8c84fa94-04c1-424b-9868-57a2d4851a1d" />
  </TestEntries>
  <Results>
    <UnitTestResult executionId="21b02382-c8e2-473c-bd7d-536d9a689726" testId="d9ce5c4d-fe57-a2a7-95bf-971dd2fabbc0" testName="envoiMailTest" computerName="MIRAGE2000" duration="00:00:00.0660117" startTime="2013-10-15T00:23:19.7197459+02:00" endTime="2013-10-15T00:23:19.9247576+02:00" testType="13cdc9d9-ddb5-4fa4-a97d-d965ccfc6d4b" outcome="Passed" testListId="8c84fa94-04c1-424b-9868-57a2d4851a1d" relativeResultsDirectory="21b02382-c8e2-473c-bd7d-536d9a689726">
    </UnitTestResult>
  </Results>
</TestRun>