<?xml version="1.0" encoding="UTF-8"?>
<TestRun id="ae2b0057-ad57-4ef0-b630-7b4c94aa5fec" name="Christophe@MIRAGE2000 2013-10-15 00:19:06" runUser="Mirage2000\Christophe" xmlns="http://microsoft.com/schemas/VisualStudio/TeamTest/2010">
  <TestSettings name="Local" id="aa07298a-2b6c-4ec5-b8bf-daeda5d6dc46">
    <Description>Il s'agit des paramètres de test par défaut pour une série de tests locale.</Description>
    <Deployment enabled="false" runDeploymentRoot="Christophe_MIRAGE2000 2013-10-15 00_19_06">
      <DeploymentItem filename="C:\Users\Christophe\Documents\Visual Studio 2010\Projects\ProjetCadeaux\ProjetCadeaux_Connection\bin\Debug\ProjetCadeaux_Connection.dll" />
      <DeploymentItem filename="C:\Users\Christophe\Documents\Visual Studio 2010\Projects\ProjetCadeaux_BLL\ProjetCadeaux_BLL\bin\Debug\ProjetCadeaux_BLL.dll" />
      <DeploymentItem filename="E:\PostgreSQL\9.2\bin\Npgsql.dll" />
    </Deployment>
    <Execution>
      <TestTypeSpecific />
      <AgentRule name="Execution Agents">
      </AgentRule>
    </Execution>
  </TestSettings>
  <Times creation="2013-10-15T00:19:06.7492768+02:00" queuing="2013-10-15T00:19:07.3163093+02:00" start="2013-10-15T00:19:07.3473110+02:00" finish="2013-10-15T00:20:47.6700492+02:00" />
  <ResultSummary outcome="Failed">
    <Counters total="1" executed="1" error="0" failed="1" timeout="0" aborted="0" inconclusive="0" passedButRunAborted="0" notRunnable="0" notExecuted="0" disconnected="0" warning="0" passed="0" completed="0" inProgress="0" pending="0" />
  </ResultSummary>
  <TestDefinitions>
    <UnitTest name="envoiMailTest" storage="c:\users\christophe\documents\visual studio 2010\projects\projetcadeaux\testprojectcadeaux\bin\debug\testprojectcadeaux.dll" id="d9ce5c4d-fe57-a2a7-95bf-971dd2fabbc0">
      <Execution id="0c8268bc-7e86-420e-b1a9-3adee13fe1ca" />
      <TestMethod codeBase="C:/Users/Christophe/Documents/Visual Studio 2010/Projects/ProjetCadeaux/TestProjectCadeaux/bin/Debug/TestProjectCadeaux.DLL" adapterTypeName="Microsoft.VisualStudio.TestTools.TestTypes.Unit.UnitTestAdapter, Microsoft.VisualStudio.QualityTools.Tips.UnitTest.Adapter, Version=10.0.0.0, Culture=neutral, PublicKeyToken=b03f5f7f11d50a3a" className="TestProjectCadeaux.GestionMailTest, TestProjectCadeaux, Version=1.0.0.0, Culture=neutral, PublicKeyToken=null" name="envoiMailTest" />
    </UnitTest>
  </TestDefinitions>
  <TestLists>
    <TestList name="Les résultats ne figurent pas dans une liste" id="8c84fa94-04c1-424b-9868-57a2d4851a1d" />
    <TestList name="Tous les résultats chargés" id="19431567-8539-422a-85d7-44ee4e166bda" />
  </TestLists>
  <TestEntries>
    <TestEntry testId="d9ce5c4d-fe57-a2a7-95bf-971dd2fabbc0" executionId="0c8268bc-7e86-420e-b1a9-3adee13fe1ca" testListId="8c84fa94-04c1-424b-9868-57a2d4851a1d" />
  </TestEntries>
  <Results>
    <UnitTestResult executionId="0c8268bc-7e86-420e-b1a9-3adee13fe1ca" testId="d9ce5c4d-fe57-a2a7-95bf-971dd2fabbc0" testName="envoiMailTest" computerName="MIRAGE2000" duration="00:01:40.0704944" startTime="2013-10-15T00:19:07.3643120+02:00" endTime="2013-10-15T00:20:47.6410475+02:00" testType="13cdc9d9-ddb5-4fa4-a97d-d965ccfc6d4b" outcome="Failed" testListId="8c84fa94-04c1-424b-9868-57a2d4851a1d" relativeResultsDirectory="0c8268bc-7e86-420e-b1a9-3adee13fe1ca">
      <Output>
        <ErrorInfo>
          <Message>La méthode de test TestProjectCadeaux.GestionMailTest.envoiMailTest a levé une exception : 
System.Net.Mail.SmtpException: Le délai d'attente de l'opération a expiré.</Message>
          <StackTrace>    à System.Net.Mail.SmtpClient.Send(MailMessage message)
   à ProjetCadeaux_Connection.GestionMail.envoiMail(MailMessage mail) dans C:\Users\Christophe\Documents\Visual Studio 2010\Projects\ProjetCadeaux\ProjetCadeaux_Connection\GestionMail.cs:ligne 38
   à ProjetCadeaux_Connection.GestionMail..ctor(String destinataires, String login, String nom, String nouveauMdp) dans C:\Users\Christophe\Documents\Visual Studio 2010\Projects\ProjetCadeaux\ProjetCadeaux_Connection\GestionMail.cs:ligne 26
   à TestProjectCadeaux.GestionMailTest.envoiMailTest() dans C:\Users\Christophe\Documents\Visual Studio 2010\Projects\ProjetCadeaux\TestProjectCadeaux\GestionMailTest.cs:ligne 78
</StackTrace>
        </ErrorInfo>
      </Output>
    </UnitTestResult>
  </Results>
</TestRun>